<?xml version="1.0" encoding="UTF-8"?>
<!-- Generated by org.testng.reporters.JUnitReportReporter -->
<testsuite skipped="0" hostname="ATMECSINLT-407" name="com.atmecs.autoprac.testscripts.AutoPracticeTestScript" tests="1" failures="0" timestamp="2021-01-15T19:09:40 IST" time="43.814" errors="0">
  <testcase name="AutoPractice" time="43.814" classname="com.atmecs.autoprac.testscripts.AutoPracticeTestScript"/>
</testsuite> <!-- com.atmecs.autoprac.testscripts.AutoPracticeTestScript -->
