<?xml version="1.0" encoding="UTF-8"?>
<!-- Generated by org.testng.reporters.JUnitReportReporter -->
<testsuite skipped="0" hostname="ATMECSINLT-407" name="com.atmecs.autoprac.testscripts.AutoPracticeTestScript" tests="1" failures="0" timestamp="2021-01-15T19:10:49 IST" time="36.927" errors="0">
  <testcase name="AutoPractice" time="36.927" classname="com.atmecs.autoprac.testscripts.AutoPracticeTestScript"/>
  <system-out/>
</testsuite> <!-- com.atmecs.autoprac.testscripts.AutoPracticeTestScript -->
